# JRE version: OpenJDK Runtime Environment (8.0_242-b01) (build 1.8.0_242-release-1644-b01)
# Java VM: OpenJDK 64-Bit Server VM (25.242-b01 mixed mode windows-amd64 compressed oops)
Heap:
 PSYoungGen      total 458240K, used 255700K [0x00000000e0000000, 0x0000000100000000, 0x0000000100000000)
  eden space 411648K, 50% used [0x00000000e0000000,0x00000000ecc3b150,0x00000000f9200000)
  from space 46592K, 99% used [0x00000000fd280000,0x00000000ffffa280,0x0000000100000000)
  to   space 56320K, 0% used [0x00000000f9200000,0x00000000f9200000,0x00000000fc900000)
 ParOldGen       total 306176K, used 122181K [0x00000000a0000000, 0x00000000b2b00000, 0x00000000e0000000)
  object space 306176K, 39% used [0x00000000a0000000,0x00000000a7751478,0x00000000b2b00000)
 Metaspace       used 113616K, capacity 119198K, committed 119296K, reserved 1153024K
  class space    used 14735K, capacity 15860K, committed 15872K, reserved 1048576K
GC Heap History (10 events):
Event: 101.317 GC heap before
{Heap before GC invocations=16 (full 3):
 PSYoungGen      total 433664K, used 433640K [0x00000000e0000000, 0x00000000fca00000, 0x0000000100000000)
  eden space 412672K, 100% used [0x00000000e0000000,0x00000000f9300000,0x00000000f9300000)
  from space 20992K, 99% used [0x00000000fb580000,0x00000000fc9fa1b8,0x00000000fca00000)
  to   space 27136K, 0% used [0x00000000f9500000,0x00000000f9500000,0x00000000faf80000)
 ParOldGen       total 180736K, used 47879K [0x00000000a0000000, 0x00000000ab080000, 0x00000000e0000000)
  object space 180736K, 26% used [0x00000000a0000000,0x00000000a2ec1c08,0x00000000ab080000)
 Metaspace       used 84126K, capacity 88650K, committed 88704K, reserved 1126400K
  class space    used 11259K, capacity 12135K, committed 12160K, reserved 1048576K
Event: 101.369 GC heap after
Heap after GC invocations=16 (full 3):
 PSYoungGen      total 441856K, used 13119K [0x00000000e0000000, 0x0000000100000000, 0x0000000100000000)
  eden space 414720K, 0% used [0x00000000e0000000,0x00000000e0000000,0x00000000f9500000)
  from space 27136K, 48% used [0x00000000f9500000,0x00000000fa1cfc50,0x00000000faf80000)
  to   space 26112K, 0% used [0x00000000fe680000,0x00000000fe680000,0x0000000100000000)
 ParOldGen       total 180736K, used 65048K [0x00000000a0000000, 0x00000000ab080000, 0x00000000e0000000)
  object space 180736K, 35% used [0x00000000a0000000,0x00000000a3f86398,0x00000000ab080000)
 Metaspace       used 84126K, capacity 88650K, committed 88704K, reserved 1126400K
  class space    used 11259K, capacity 12135K, committed 12160K, reserved 1048576K
}
Event: 104.415 GC heap before
{Heap before GC invocations=17 (full 3):
 PSYoungGen      total 441856K, used 427839K [0x00000000e0000000, 0x0000000100000000, 0x0000000100000000)
  eden space 414720K, 100% used [0x00000000e0000000,0x00000000f9500000,0x00000000f9500000)
  from space 27136K, 48% used [0x00000000f9500000,0x00000000fa1cfc50,0x00000000faf80000)
  to   space 26112K, 0% used [0x00000000fe680000,0x00000000fe680000,0x0000000100000000)
 ParOldGen       total 180736K, used 65048K [0x00000000a0000000, 0x00000000ab080000, 0x00000000e0000000)
  object space 180736K, 35% used [0x00000000a0000000,0x00000000a3f86398,0x00000000ab080000)
 Metaspace       used 92218K, capacity 97306K, committed 97408K, reserved 1132544K
  class space    used 12379K, capacity 13361K, committed 13440K, reserved 1048576K
Event: 104.480 GC heap after
Heap after GC invocations=17 (full 3):
 PSYoungGen      total 454144K, used 26104K [0x00000000e0000000, 0x0000000100000000, 0x0000000100000000)
  eden space 428032K, 0% used [0x00000000e0000000,0x00000000e0000000,0x00000000fa200000)
  from space 26112K, 99% used [0x00000000fe680000,0x00000000ffffe1d8,0x0000000100000000)
  to   space 48128K, 0% used [0x00000000fa200000,0x00000000fa200000,0x00000000fd100000)
 ParOldGen       total 180736K, used 114690K [0x00000000a0000000, 0x00000000ab080000, 0x00000000e0000000)
  object space 180736K, 63% used [0x00000000a0000000,0x00000000a7000b18,0x00000000ab080000)
 Metaspace       used 92218K, capacity 97306K, committed 97408K, reserved 1132544K
  class space    used 12379K, capacity 13361K, committed 13440K, reserved 1048576K
}
Event: 104.723 GC heap before
{Heap before GC invocations=18 (full 3):
 PSYoungGen      total 454144K, used 56847K [0x00000000e0000000, 0x0000000100000000, 0x0000000100000000)
  eden space 428032K, 7% used [0x00000000e0000000,0x00000000e1e05bf0,0x00000000fa200000)
  from space 26112K, 99% used [0x00000000fe680000,0x00000000ffffe1d8,0x0000000100000000)
  to   space 48128K, 0% used [0x00000000fa200000,0x00000000fa200000,0x00000000fd100000)
 ParOldGen       total 180736K, used 114690K [0x00000000a0000000, 0x00000000ab080000, 0x00000000e0000000)
  object space 180736K, 63% used [0x00000000a0000000,0x00000000a7000b18,0x00000000ab080000)
 Metaspace       used 93301K, capacity 98446K, committed 98496K, reserved 1134592K
  class space    used 12538K, capacity 13549K, committed 13568K, reserved 1048576K
Event: 104.784 GC heap after
Heap after GC invocations=18 (full 3):
 PSYoungGen      total 476160K, used 11097K [0x00000000e0000000, 0x0000000100000000, 0x0000000100000000)
  eden space 428032K, 0% used [0x00000000e0000000,0x00000000e0000000,0x00000000fa200000)
  from space 48128K, 23% used [0x00000000fa200000,0x00000000facd6738,0x00000000fd100000)
  to   space 46592K, 0% used [0x00000000fd280000,0x00000000fd280000,0x0000000100000000)
 ParOldGen       total 180736K, used 140689K [0x00000000a0000000, 0x00000000ab080000, 0x00000000e0000000)
  object space 180736K, 77% used [0x00000000a0000000,0x00000000a8964520,0x00000000ab080000)
 Metaspace       used 93301K, capacity 98446K, committed 98496K, reserved 1134592K
  class space    used 12538K, capacity 13549K, committed 13568K, reserved 1048576K
}
Event: 104.784 GC heap before
{Heap before GC invocations=19 (full 4):
 PSYoungGen      total 476160K, used 11097K [0x00000000e0000000, 0x0000000100000000, 0x0000000100000000)
  eden space 428032K, 0% used [0x00000000e0000000,0x00000000e0000000,0x00000000fa200000)
  from space 48128K, 23% used [0x00000000fa200000,0x00000000facd6738,0x00000000fd100000)
  to   space 46592K, 0% used [0x00000000fd280000,0x00000000fd280000,0x0000000100000000)
 ParOldGen       total 180736K, used 140689K [0x00000000a0000000, 0x00000000ab080000, 0x00000000e0000000)
  object space 180736K, 77% used [0x00000000a0000000,0x00000000a8964520,0x00000000ab080000)
 Metaspace       used 93301K, capacity 98446K, committed 98496K, reserved 1134592K
  class space    used 12538K, capacity 13549K, committed 13568K, reserved 1048576K
Event: 105.162 GC heap after
Heap after GC invocations=19 (full 4):
 PSYoungGen      total 476160K, used 0K [0x00000000e0000000, 0x0000000100000000, 0x0000000100000000)
  eden space 428032K, 0% used [0x00000000e0000000,0x00000000e0000000,0x00000000fa200000)
  from space 48128K, 0% used [0x00000000fa200000,0x00000000fa200000,0x00000000fd100000)
  to   space 46592K, 0% used [0x00000000fd280000,0x00000000fd280000,0x0000000100000000)
 ParOldGen       total 306176K, used 116181K [0x00000000a0000000, 0x00000000b2b00000, 0x00000000e0000000)
  object space 306176K, 37% used [0x00000000a0000000,0x00000000a71756b0,0x00000000b2b00000)
 Metaspace       used 92921K, capacity 97326K, committed 98496K, reserved 1134592K
  class space    used 12415K, capacity 13331K, committed 13568K, reserved 1048576K
}
Event: 111.017 GC heap before
{Heap before GC invocations=20 (full 4):
 PSYoungGen      total 476160K, used 428032K [0x00000000e0000000, 0x0000000100000000, 0x0000000100000000)
  eden space 428032K, 100% used [0x00000000e0000000,0x00000000fa200000,0x00000000fa200000)
  from space 48128K, 0% used [0x00000000fa200000,0x00000000fa200000,0x00000000fd100000)
  to   space 46592K, 0% used [0x00000000fd280000,0x00000000fd280000,0x0000000100000000)
 ParOldGen       total 306176K, used 116181K [0x00000000a0000000, 0x00000000b2b00000, 0x00000000e0000000)
  object space 306176K, 37% used [0x00000000a0000000,0x00000000a71756b0,0x00000000b2b00000)
 Metaspace       used 108072K, capacity 112966K, committed 113536K, reserved 1146880K
  class space    used 14140K, capacity 15138K, committed 15232K, reserved 1048576K
Event: 111.062 GC heap after
Heap after GC invocations=20 (full 4):
 PSYoungGen      total 458240K, used 46568K [0x00000000e0000000, 0x0000000100000000, 0x0000000100000000)
  eden space 411648K, 0% used [0x00000000e0000000,0x00000000e0000000,0x00000000f9200000)
  from space 46592K, 99% used [0x00000000fd280000,0x00000000ffffa280,0x0000000100000000)
  to   space 56320K, 0% used [0x00000000f9200000,0x00000000f9200000,0x00000000fc900000)
 ParOldGen       total 306176K, used 122181K [0x00000000a0000000, 0x00000000b2b00000, 0x00000000e0000000)
  object space 306176K, 39% used [0x00000000a0000000,0x00000000a7751478,0x00000000b2b00000)
 Metaspace       used 108072K, capacity 112966K, committed 113536K, reserved 1146880K
  class space    used 14140K, capacity 15138K, committed 15232K, reserved 1048576K
}

